Arguments: 
  C:\Program Files\nodejs\node.exe C:\Users\majdk\AppData\Roaming\npm\node_modules\yarn\bin\yarn.js add merkletreetjs

PATH: 
  C:\Users\majdk\bin;C:\Program Files\Git\mingw64\bin;C:\Program Files\Git\usr\local\bin;C:\Program Files\Git\usr\bin;C:\Program Files\Git\usr\bin;C:\Program Files\Git\mingw64\bin;C:\Program Files\Git\usr\bin;C:\Users\majdk\bin;C:\Program Files\Oculus\Support\oculus-runtime;C:\Windows\system32;C:\Windows;C:\Windows\System32\Wbem;C:\Windows\System32\WindowsPowerShell\v1.0;C:\Windows\System32\OpenSSH;C:\Program Files (x86)\NVIDIA Corporation\PhysX\Common;C:\Program Files\NVIDIA Corporation\NVIDIA NvDLISR;C:\Program Files\nodejs;C:\Program Files\Git\cmd;C:\Program Files\dotnet;C:\Program Files (x86)\Filestar;C:\Users\majdk\AppData\Roaming\Filestar\aliases;C:\Users\majdk\AppData\Local\Microsoft\WindowsApps;C:\Users\majdk\AppData\Roaming\npm;C:\Users\majdk\AppData\Local\Programs\Microsoft VS Code\bin;C:\Users\majdk\AppData\Local\gitkraken\bin;C:\Users\majdk\AppData\Local\Programs\IPFS Desktop\resources\app.asar.unpacked\src\ipfs-on-path\scripts\bin-win;C:\Program Files\Git\usr\bin\vendor_perl;C:\Program Files\Git\usr\bin\core_perl

Yarn version: 
  1.22.10

Node version: 
  14.17.3

Platform: 
  win32 x64

Trace: 
  Error: https://registry.yarnpkg.com/merkletreetjs: Not found
      at Request.params.callback [as _callback] (C:\Users\majdk\AppData\Roaming\npm\node_modules\yarn\lib\cli.js:66988:18)
      at Request.self.callback (C:\Users\majdk\AppData\Roaming\npm\node_modules\yarn\lib\cli.js:140662:22)
      at Request.emit (events.js:375:28)
      at Request.<anonymous> (C:\Users\majdk\AppData\Roaming\npm\node_modules\yarn\lib\cli.js:141634:10)
      at Request.emit (events.js:375:28)
      at IncomingMessage.<anonymous> (C:\Users\majdk\AppData\Roaming\npm\node_modules\yarn\lib\cli.js:141556:12)
      at Object.onceWrapper (events.js:481:28)
      at IncomingMessage.emit (events.js:387:35)
      at endReadableNT (internal/streams/readable.js:1317:12)
      at processTicksAndRejections (internal/process/task_queues.js:82:21)

npm manifest: 
  {
    "name": "cryptoadz-merkle-root",
    "version": "1.0.0",
    "description": "",
    "main": "index.js",
    "scripts": {
      "test": "echo \"Error: no test specified\" && exit 1"
    },
    "repository": {
      "type": "git",
      "url": "git+https://github.com/mkhoury93/cryptoadz-merkle-root.git"
    },
    "author": "",
    "license": "ISC",
    "bugs": {
      "url": "https://github.com/mkhoury93/cryptoadz-merkle-root/issues"
    },
    "homepage": "https://github.com/mkhoury93/cryptoadz-merkle-root#readme"
  }

yarn manifest: 
  No manifest

Lockfile: 
  No lockfile
